2021-10-07 15:20:30,445 INFO Let the Outer CV Begin for rjw_ptc_feature_metric_hamming_dist_structure_metric_random_walk_wl_2rjw
2021-10-07 15:20:30,445 INFO n_outer : 10
2021-10-07 15:20:30,446 INFO n_inner : 10
2021-10-07 15:20:31,078 INFO ############ Begin nested CV ############
2021-10-07 15:20:31,079 INFO Inner : 10
2021-10-07 15:20:31,079 INFO Outer : 10
2021-10-07 15:20:31,079 INFO params : [{'alpha': [0.9], 'C': [10], 'gamma': [1], 'beta': [0.0001], 'features_metric': ['hamming_dist'], 'method': ['random_walk'], 'wl': [2], 'amijo': [True]}]
2021-10-07 15:20:31,079 INFO Begin precomputing all distances matrices
2021-10-07 15:20:31,079 INFO 1 matrices to fit...
2021-10-07 15:20:31,083 INFO One distance done
2021-10-07 15:20:31,083 INFO ...Done
2021-10-07 15:21:36,039 INFO Best params : {'C': 10, 'alpha': 0.9, 'amijo': True, 'beta': 0.0001, 'features_metric': 'hamming_dist', 'gamma': 1, 'method': 'random_walk', 'wl': 2}
2021-10-07 15:21:36,045 INFO Accuracy 77.14285714285715
2021-10-07 15:21:36,045 INFO ############ One outer Done ############
2021-10-07 15:21:42,308 INFO Best params : {'C': 10, 'alpha': 0.9, 'amijo': True, 'beta': 0.0001, 'features_metric': 'hamming_dist', 'gamma': 1, 'method': 'random_walk', 'wl': 2}
2021-10-07 15:21:42,317 INFO Accuracy 65.71428571428571
2021-10-07 15:21:42,317 INFO ############ One outer Done ############
2021-10-07 15:21:42,373 INFO Best params : {'C': 10, 'alpha': 0.9, 'amijo': True, 'beta': 0.0001, 'features_metric': 'hamming_dist', 'gamma': 1, 'method': 'random_walk', 'wl': 2}
2021-10-07 15:21:42,379 INFO Accuracy 77.14285714285715
2021-10-07 15:21:42,379 INFO ############ One outer Done ############
2021-10-07 15:21:43,922 INFO Best params : {'C': 10, 'alpha': 0.9, 'amijo': True, 'beta': 0.0001, 'features_metric': 'hamming_dist', 'gamma': 1, 'method': 'random_walk', 'wl': 2}
2021-10-07 15:21:43,928 INFO Accuracy 68.57142857142857
2021-10-07 15:21:43,928 INFO ############ One outer Done ############
2021-10-07 15:21:44,003 INFO Best params : {'C': 10, 'alpha': 0.9, 'amijo': True, 'beta': 0.0001, 'features_metric': 'hamming_dist', 'gamma': 1, 'method': 'random_walk', 'wl': 2}
2021-10-07 15:21:44,010 INFO Accuracy 65.71428571428571
2021-10-07 15:21:44,010 INFO ############ One outer Done ############
2021-10-07 15:21:44,074 INFO Best params : {'C': 10, 'alpha': 0.9, 'amijo': True, 'beta': 0.0001, 'features_metric': 'hamming_dist', 'gamma': 1, 'method': 'random_walk', 'wl': 2}
2021-10-07 15:21:44,080 INFO Accuracy 71.42857142857143
2021-10-07 15:21:44,080 INFO ############ One outer Done ############
2021-10-07 15:21:44,150 INFO Best params : {'C': 10, 'alpha': 0.9, 'amijo': True, 'beta': 0.0001, 'features_metric': 'hamming_dist', 'gamma': 1, 'method': 'random_walk', 'wl': 2}
2021-10-07 15:21:44,159 INFO Accuracy 68.57142857142857
2021-10-07 15:21:44,159 INFO ############ One outer Done ############
2021-10-07 15:21:44,229 INFO Best params : {'C': 10, 'alpha': 0.9, 'amijo': True, 'beta': 0.0001, 'features_metric': 'hamming_dist', 'gamma': 1, 'method': 'random_walk', 'wl': 2}
2021-10-07 15:21:44,237 INFO Accuracy 65.71428571428571
2021-10-07 15:21:44,237 INFO ############ One outer Done ############
2021-10-07 15:21:44,291 INFO Best params : {'C': 10, 'alpha': 0.9, 'amijo': True, 'beta': 0.0001, 'features_metric': 'hamming_dist', 'gamma': 1, 'method': 'random_walk', 'wl': 2}
2021-10-07 15:21:44,299 INFO Accuracy 68.57142857142857
2021-10-07 15:21:44,299 INFO ############ One outer Done ############
2021-10-07 15:21:44,364 INFO Best params : {'C': 10, 'alpha': 0.9, 'amijo': True, 'beta': 0.0001, 'features_metric': 'hamming_dist', 'gamma': 1, 'method': 'random_walk', 'wl': 2}
2021-10-07 15:21:44,374 INFO Accuracy 71.42857142857143
2021-10-07 15:21:44,374 INFO ############ One outer Done ############
2021-10-07 15:21:44,374 INFO Nested mean score 70.0
2021-10-07 15:21:44,374 INFO Nested std score 4.090806018078959
